<?xml version="1.0" encoding="UTF-8" standalone="no"?>
<testsuite errors="0" failures="1" name="io.cucumber.core.plugin.JUnitFormatter" skipped="0" tests="6" time="251.51">
<testcase classname="Customers" name="Add a new Customer" time="84.258">
<system-out><![CDATA[Given User Launch Chrome browser............................................passed
When User opens URL "http://admin-demo.nopcommerce.com/login"...............passed
And User enters Email as "admin@yourstore.com" and Password as "admin"......passed
And Click on Login..........................................................passed
Then User can view Dashboad.................................................passed
When User click on customers Menu...........................................passed
And click on customers Menu Item............................................passed
And click on Add new button.................................................passed
Then User can view Add new customer page....................................passed
When User enter customer info...............................................passed
And click on Save button....................................................passed
Then User can view confirmation message "The new customer has been added successfully.".passed
And close browser...........................................................passed
]]></system-out>
</testcase>
<testcase classname="Customers" name="Search Customer by EMailID" time="46.71">
<system-out><![CDATA[Given User Launch Chrome browser............................................passed
When User opens URL "http://admin-demo.nopcommerce.com/login"...............passed
And User enters Email as "admin@yourstore.com" and Password as "admin"......passed
And Click on Login..........................................................passed
Then User can view Dashboad.................................................passed
When User click on customers Menu...........................................passed
And click on customers Menu Item............................................passed
And Enter customer EMail....................................................passed
When Click on search button.................................................passed
Then User should found Email in the Search table............................passed
And close browser...........................................................passed
]]></system-out>
</testcase>
<testcase classname="Customers" name="Search Customer by Name" time="43.178">
<system-out><![CDATA[Given User Launch Chrome browser............................................passed
When User opens URL "http://admin-demo.nopcommerce.com/login"...............passed
And User enters Email as "admin@yourstore.com" and Password as "admin"......passed
And Click on Login..........................................................passed
Then User can view Dashboad.................................................passed
When User click on customers Menu...........................................passed
And click on customers Menu Item............................................passed
And Enter customer FirstName................................................passed
And Enter customer LastName.................................................passed
When Click on search button.................................................passed
Then User should found Name in the Search table.............................passed
And close browser...........................................................passed
]]></system-out>
</testcase>
<testcase classname="Login" name="Successful Login with Valid Credentials" time="31.062">
<system-out><![CDATA[Given User Launch Chrome browser............................................passed
When User opens URL "http://admin-demo.nopcommerce.com/login"...............passed
And User enters Email as "admin@yourstore.com" and Password as "admin"......passed
And Click on Login..........................................................passed
Then Page Title should be "Dashboard / nopCommerce administration"..........passed
When User click on Log out link.............................................passed
Then Page Title should be "Your store. Login"...............................passed
And close browser...........................................................passed
]]></system-out>
</testcase>
<testcase classname="Login" name="Login Data Driven" time="30.819">
<system-out><![CDATA[Given User Launch Chrome browser............................................passed
When User opens URL "http://admin-demo.nopcommerce.com/login"...............passed
And User enters Email as "admin@yourstore.com" and Password as "admin"......passed
And Click on Login..........................................................passed
Then Page Title should be "Dashboard / nopCommerce administration"..........passed
When User click on Log out link.............................................passed
Then Page Title should be "Your store. Login"...............................passed
And close browser...........................................................passed
]]></system-out>
</testcase>
<testcase classname="Login" name="Login Data Driven 2" time="14.428">
<failure message="" type="java.lang.AssertionError"><![CDATA[Given User Launch Chrome browser............................................passed
When User opens URL "http://admin-demo.nopcommerce.com/login"...............passed
And User enters Email as "admin1@yourstore.com" and Password as "admin123"..passed
And Click on Login..........................................................passed
Then Page Title should be "Dashboard / nopCommerce administration"..........failed
When User click on Log out link.............................................skipped
Then Page Title should be "Your store. Login"...............................skipped
And close browser...........................................................skipped

StackTrace:
java.lang.AssertionError
	at org.junit.Assert.fail(Assert.java:86)
	at org.junit.Assert.assertTrue(Assert.java:41)
	at org.junit.Assert.assertTrue(Assert.java:52)
	at StepDefinitions.Steps.page_title_should_be(Steps.java:96)
	at ✽.Page Title should be "Dashboard / nopCommerce administration"(file:///C:/Users/pgurumallaiah/Cucumber/Cucumberframeworkpavan/./Features/Login.feature:21)
]]></failure>
</testcase>
</testsuite>
